2022-12-06 19:34:38,577 INFO org.hibernate.validator.internal.util.Version [background-preinit] HV000001: Hibernate Validator 6.2.5.Final
2022-12-06 19:34:38,583 INFO org.springframework.boot.StartupInfoLogger [restartedMain] Starting ChatSystemApplication using Java 11.0.17 on aruns-MacBook-Pro.local with PID 1198 (/Users/arunvijay/Documents/chat-system/target/classes started by arunvijay in /Users/arunvijay/Documents/chat-system)
2022-12-06 19:34:38,584 DEBUG org.springframework.boot.StartupInfoLogger [restartedMain] Running with Spring Boot v2.7.6, Spring v5.3.24
2022-12-06 19:34:38,584 INFO org.springframework.boot.SpringApplication [restartedMain] No active profile set, falling back to 1 default profile: "default"
2022-12-06 19:34:38,607 INFO org.springframework.boot.logging.DeferredLog [restartedMain] Devtools property defaults active! Set 'spring.devtools.add-properties' to 'false' to disable
2022-12-06 19:34:38,607 INFO org.springframework.boot.logging.DeferredLog [restartedMain] For additional web related logging consider setting the 'logging.level.web' property to 'DEBUG'
2022-12-06 19:34:38,924 INFO org.springframework.data.repository.config.RepositoryConfigurationDelegate [restartedMain] Bootstrapping Spring Data JPA repositories in DEFAULT mode.
2022-12-06 19:34:38,946 INFO org.springframework.data.repository.config.RepositoryConfigurationDelegate [restartedMain] Finished Spring Data repository scanning in 18 ms. Found 1 JPA repository interfaces.
2022-12-06 19:34:39,272 INFO org.springframework.boot.web.embedded.tomcat.TomcatWebServer [restartedMain] Tomcat initialized with port(s): 8080 (http)
2022-12-06 19:34:39,278 INFO org.apache.juli.logging.DirectJDKLog [restartedMain] Initializing ProtocolHandler ["http-nio-8080"]
2022-12-06 19:34:39,278 INFO org.apache.juli.logging.DirectJDKLog [restartedMain] Starting service [Tomcat]
2022-12-06 19:34:39,279 INFO org.apache.juli.logging.DirectJDKLog [restartedMain] Starting Servlet engine: [Apache Tomcat/9.0.69]
2022-12-06 19:34:39,311 INFO org.apache.juli.logging.DirectJDKLog [restartedMain] Initializing Spring embedded WebApplicationContext
2022-12-06 19:34:39,311 INFO org.springframework.boot.web.servlet.context.ServletWebServerApplicationContext [restartedMain] Root WebApplicationContext: initialization completed in 704 ms
2022-12-06 19:34:39,390 INFO org.hibernate.jpa.internal.util.LogHelper [restartedMain] HHH000204: Processing PersistenceUnitInfo [name: default]
2022-12-06 19:34:39,413 INFO org.hibernate.Version [restartedMain] HHH000412: Hibernate ORM core version 5.6.14.Final
2022-12-06 19:34:39,488 INFO org.hibernate.annotations.common.reflection.java.JavaReflectionManager [restartedMain] HCANN000001: Hibernate Commons Annotations {5.1.2.Final}
2022-12-06 19:34:39,539 INFO com.zaxxer.hikari.HikariDataSource [restartedMain] HikariPool-1 - Starting...
2022-12-06 19:34:39,638 INFO com.zaxxer.hikari.HikariDataSource [restartedMain] HikariPool-1 - Start completed.
2022-12-06 19:34:39,646 INFO org.hibernate.dialect.Dialect [restartedMain] HHH000400: Using dialect: org.hibernate.dialect.MySQL57Dialect
2022-12-06 19:34:39,919 INFO org.hibernate.engine.transaction.jta.platform.internal.JtaPlatformInitiator [restartedMain] HHH000490: Using JtaPlatform implementation: [org.hibernate.engine.transaction.jta.platform.internal.NoJtaPlatform]
2022-12-06 19:34:39,924 INFO org.springframework.orm.jpa.AbstractEntityManagerFactoryBean [restartedMain] Initialized JPA EntityManagerFactory for persistence unit 'default'
2022-12-06 19:34:40,116 WARN org.springframework.boot.autoconfigure.orm.jpa.JpaBaseConfiguration$JpaWebConfiguration [restartedMain] spring.jpa.open-in-view is enabled by default. Therefore, database queries may be performed during view rendering. Explicitly configure spring.jpa.open-in-view to disable this warning
2022-12-06 19:34:40,288 INFO org.springframework.boot.devtools.autoconfigure.OptionalLiveReloadServer [restartedMain] LiveReload server is running on port 35729
2022-12-06 19:34:40,296 INFO org.apache.juli.logging.DirectJDKLog [restartedMain] Starting ProtocolHandler ["http-nio-8080"]
2022-12-06 19:34:40,305 INFO org.springframework.boot.web.embedded.tomcat.TomcatWebServer [restartedMain] Tomcat started on port(s): 8080 (http) with context path '/chat-system'
2022-12-06 19:34:40,310 INFO org.springframework.boot.StartupInfoLogger [restartedMain] Started ChatSystemApplication in 2.063 seconds (JVM running for 2.406)
2022-12-06 19:35:36,942 INFO org.apache.juli.logging.DirectJDKLog [http-nio-8080-exec-1] Initializing Spring DispatcherServlet 'dispatcherServlet'
2022-12-06 19:35:36,943 INFO org.springframework.web.servlet.FrameworkServlet [http-nio-8080-exec-1] Initializing Servlet 'dispatcherServlet'
2022-12-06 19:35:36,944 INFO org.springframework.web.servlet.FrameworkServlet [http-nio-8080-exec-1] Completed initialization in 1 ms
2022-12-06 19:35:36,959 TRACE com.sms.project.chatsystem.controller.LoggingController [http-nio-8080-exec-1] A TRACE Message
2022-12-06 19:35:36,959 DEBUG com.sms.project.chatsystem.controller.LoggingController [http-nio-8080-exec-1] A DEBUG Message
2022-12-06 19:35:36,959 INFO com.sms.project.chatsystem.controller.LoggingController [http-nio-8080-exec-1] An INFO Message
2022-12-06 19:35:36,959 WARN com.sms.project.chatsystem.controller.LoggingController [http-nio-8080-exec-1] A WARN Message
2022-12-06 19:35:36,959 ERROR com.sms.project.chatsystem.controller.LoggingController [http-nio-8080-exec-1] An ERROR Message
2022-12-06 19:35:59,188 INFO org.springframework.orm.jpa.AbstractEntityManagerFactoryBean [SpringApplicationShutdownHook] Closing JPA EntityManagerFactory for persistence unit 'default'
2022-12-06 19:35:59,190 INFO com.zaxxer.hikari.HikariDataSource [SpringApplicationShutdownHook] HikariPool-1 - Shutdown initiated...
2022-12-06 19:35:59,198 INFO com.zaxxer.hikari.HikariDataSource [SpringApplicationShutdownHook] HikariPool-1 - Shutdown completed.
